<?xml version="1.0" encoding="UTF-8"?>
<!-- Generated by org.testng.reporters.JUnitReportReporter -->
<testsuite hostname="HCESQCND8285Z93" failures="0" tests="1" name="e2e.testing.test.T003LogOut" time="3.007" errors="0" timestamp="2021-05-25T17:24:12 CEST" skipped="0">
  <testcase classname="e2e.testing.test.T003LogOut" name="runTest" time="3.007"/>
  <system-out/>
</testsuite> <!-- e2e.testing.test.T003LogOut -->
