<?xml version="1.0" encoding="UTF-8"?>
<!-- Generated by org.testng.reporters.JUnitReportReporter -->
<testsuite hostname="HCESQCND8285Z93" failures="0" tests="1" name="e2e.testing.test.T002Login" time="3.008" errors="0" timestamp="2021-05-25T17:24:12 CEST" skipped="0">
  <testcase classname="e2e.testing.test.T002Login" name="test" time="3.008"/>
  <system-out/>
</testsuite> <!-- e2e.testing.test.T002Login -->
